e:\포폴\강화시뮬레이터\강화시뮬레이터\x64\debug\vc142.pdb
e:\포폴\강화시뮬레이터\강화시뮬레이터\x64\debug\vc142.idb
e:\포폴\강화시뮬레이터\강화시뮬레이터\x64\debug\weapon.obj
e:\포폴\강화시뮬레이터\강화시뮬레이터\x64\debug\starforce.obj
e:\포폴\강화시뮬레이터\강화시뮬레이터\x64\debug\main.obj
e:\포폴\강화시뮬레이터\강화시뮬레이터\x64\debug\equipment.obj
e:\포폴\강화시뮬레이터\강화시뮬레이터\x64\debug\armor.obj
e:\포폴\강화시뮬레이터\x64\debug\강화시뮬레이터.ilk
e:\포폴\강화시뮬레이터\x64\debug\강화시뮬레이터.exe
e:\포폴\강화시뮬레이터\x64\debug\강화시뮬레이터.pdb
e:\포폴\portfolio\강화시뮬레이터\강화시뮬레이터\x64\debug\armor.obj
e:\포폴\portfolio\강화시뮬레이터\강화시뮬레이터\x64\debug\equipment.obj
e:\포폴\portfolio\강화시뮬레이터\강화시뮬레이터\x64\debug\main.obj
e:\포폴\portfolio\강화시뮬레이터\강화시뮬레이터\x64\debug\starforce.obj
e:\포폴\portfolio\강화시뮬레이터\강화시뮬레이터\x64\debug\weapon.obj
e:\포폴\portfolio\강화시뮬레이터\강화시뮬레이터\x64\debug\vc142.idb
e:\포폴\portfolio\강화시뮬레이터\강화시뮬레이터\x64\debug\vc142.pdb
e:\포폴\portfolio\강화시뮬레이터\x64\debug\강화시뮬레이터.pdb
e:\포폴\portfolio\강화시뮬레이터\x64\debug\강화시뮬레이터.exe
e:\포폴\portfolio\강화시뮬레이터\x64\debug\강화시뮬레이터.ilk
e:\포폴\portfolio\강화시뮬레이터\강화시뮬레이터\x64\debug\강화시뮬레이터.tlog\cl.command.1.tlog
e:\포폴\portfolio\강화시뮬레이터\강화시뮬레이터\x64\debug\강화시뮬레이터.tlog\cl.read.1.tlog
e:\포폴\portfolio\강화시뮬레이터\강화시뮬레이터\x64\debug\강화시뮬레이터.tlog\cl.write.1.tlog
e:\포폴\portfolio\강화시뮬레이터\강화시뮬레이터\x64\debug\강화시뮬레이터.tlog\link.command.1.tlog
e:\포폴\portfolio\강화시뮬레이터\강화시뮬레이터\x64\debug\강화시뮬레이터.tlog\link.read.1.tlog
e:\포폴\portfolio\강화시뮬레이터\강화시뮬레이터\x64\debug\강화시뮬레이터.tlog\link.write.1.tlog
